Started on 3000
A user connected: XfUg3iT1scRYrZZYAAAB
A user disconnected: XfUg3iT1scRYrZZYAAAB
A user connected: zIpha3hI4TQlDYDdAAAD
A user disconnected: zIpha3hI4TQlDYDdAAAD
A user connected: 6bomeWPTL94v_MGJAAAF
A user connected: A21FIe57lZzXgLLtAAAH
A user connected: l3L2LkC02YjaDhGVAAAJ
A user disconnected: A21FIe57lZzXgLLtAAAH
A user disconnected: l3L2LkC02YjaDhGVAAAJ
A user connected: nCndYSS0s_O6XkTLAAAL
A user connected: HKCOhJjWLhWdx2t2AAAN
A user disconnected: HKCOhJjWLhWdx2t2AAAN
A user disconnected: nCndYSS0s_O6XkTLAAAL
A user disconnected: 6bomeWPTL94v_MGJAAAF
A user connected: 77DSfRLcRhTn2nE5AAAP
A user disconnected: 77DSfRLcRhTn2nE5AAAP
A user connected: 7Xp8itM3HneV6Gd_AAAR
A user disconnected: 7Xp8itM3HneV6Gd_AAAR
A user connected: jdRyah0EJStsbkUbAAAT
A user disconnected: jdRyah0EJStsbkUbAAAT
A user connected: wxjwCmU8lrAsSwxbAAAV
A user disconnected: wxjwCmU8lrAsSwxbAAAV
A user connected: JPh3CX-m3R2615QeAAAX
A user disconnected: JPh3CX-m3R2615QeAAAX
A user connected: eTFDHHiZoA3Y0yEIAAAZ
A user disconnected: eTFDHHiZoA3Y0yEIAAAZ
A user connected: q74_7UE0XBpQc4T1AAAb
A user connected: dABBg7RRrqs-0rxoAAAd
A user disconnected: dABBg7RRrqs-0rxoAAAd
A user connected: gNNpSl6nGO2jeF3LAAAf
A user disconnected: q74_7UE0XBpQc4T1AAAb
A user disconnected: gNNpSl6nGO2jeF3LAAAf
A user connected: B7U0j5uUfkI0-6OnAAAh
A user disconnected: B7U0j5uUfkI0-6OnAAAh
A user connected: 4PopdDstVwwhnbCkAAAj
A user connected: n8pDZce5SCO5PuGPAAAl
A user disconnected: 4PopdDstVwwhnbCkAAAj
A user disconnected: n8pDZce5SCO5PuGPAAAl
A user connected: YCuq7-nPQRjcdXU3AAAo
A user disconnected: YCuq7-nPQRjcdXU3AAAo
A user connected: 6sd-UxJ8Vmp-UgWaAAAq
A user disconnected: 6sd-UxJ8Vmp-UgWaAAAq
A user connected: Nu2egLvZ3dS658fsAAAs
A user connected: rcvqKlk3xrnYrrh4AAAu
A user connected: J5AmtlOq94lG9zFuAAAw
A user disconnected: Nu2egLvZ3dS658fsAAAs
A user disconnected: rcvqKlk3xrnYrrh4AAAu
events.js:352
      throw er; // Unhandled 'error' event
      ^

Error: read ECONNRESET
    at TCP.onStreamRead (internal/stream_base_commons.js:209:20)
Emitted 'error' event on RedisAdapter instance at:
    at RedisClient.onError (/root/labyrinth-node-io/node_modules/socket.io-redis/dist/index.js:65:22)
    at RedisClient.emit (events.js:375:28)
    at RedisClient.on_error (/root/labyrinth-node-io/node_modules/redis/index.js:342:14)
    at Socket.<anonymous> (/root/labyrinth-node-io/node_modules/redis/index.js:223:14)
    at Socket.emit (events.js:375:28)
    at emitErrorNT (internal/streams/destroy.js:106:8)
    at emitErrorCloseNT (internal/streams/destroy.js:74:3)
    at processTicksAndRejections (internal/process/task_queues.js:82:21) {
  errno: -104,
  code: 'ECONNRESET',
  syscall: 'read'
}
events.js:352
      throw er; // Unhandled 'error' event
      ^

Error: read ECONNRESET
    at TCP.onStreamRead (internal/stream_base_commons.js:209:20)
Emitted 'error' event on RedisAdapter instance at:
    at RedisClient.onError (/root/labyrinth-node-io/node_modules/socket.io-redis/dist/index.js:65:22)
    at RedisClient.emit (events.js:375:28)
    at RedisClient.on_error (/root/labyrinth-node-io/node_modules/redis/index.js:342:14)
    at Socket.<anonymous> (/root/labyrinth-node-io/node_modules/redis/index.js:223:14)
    at Socket.emit (events.js:375:28)
    at emitErrorNT (internal/streams/destroy.js:106:8)
    at emitErrorCloseNT (internal/streams/destroy.js:74:3)
    at processTicksAndRejections (internal/process/task_queues.js:82:21) {
  errno: -104,
  code: 'ECONNRESET',
  syscall: 'read'
}
events.js:352
      throw er; // Unhandled 'error' event
      ^

Error: read ECONNRESET
    at TCP.onStreamRead (internal/stream_base_commons.js:209:20)
Emitted 'error' event on RedisAdapter instance at:
    at RedisClient.onError (/root/labyrinth-node-io/node_modules/socket.io-redis/dist/index.js:65:22)
    at RedisClient.emit (events.js:375:28)
    at RedisClient.on_error (/root/labyrinth-node-io/node_modules/redis/index.js:342:14)
    at Socket.<anonymous> (/root/labyrinth-node-io/node_modules/redis/index.js:223:14)
    at Socket.emit (events.js:375:28)
    at emitErrorNT (internal/streams/destroy.js:106:8)
    at emitErrorCloseNT (internal/streams/destroy.js:74:3)
    at processTicksAndRejections (internal/process/task_queues.js:82:21) {
  errno: -104,
  code: 'ECONNRESET',
  syscall: 'read'
}
events.js:352
      throw er; // Unhandled 'error' event
      ^

Error: write ECONNRESET
    at afterWriteDispatched (internal/stream_base_commons.js:156:25)
    at writeGeneric (internal/stream_base_commons.js:147:3)
    at Socket._writeGeneric (net.js:787:11)
    at Socket._write (net.js:799:8)
    at writeOrBuffer (internal/streams/writable.js:358:12)
    at Socket.Writable.write (internal/streams/writable.js:303:10)
    at RedisClient.write (/root/labyrinth-node-io/node_modules/redis/index.js:950:43)
    at RedisClient.internal_send_command (/root/labyrinth-node-io/node_modules/redis/index.js:890:14)
    at RedisClient.publish (/root/labyrinth-node-io/node_modules/redis/lib/commands.js:46:25)
    at RedisAdapter.broadcast (/root/labyrinth-node-io/node_modules/socket.io-redis/dist/index.js:319:28)
Emitted 'error' event on RedisAdapter instance at:
    at RedisClient.onError (/root/labyrinth-node-io/node_modules/socket.io-redis/dist/index.js:65:22)
    at RedisClient.emit (events.js:375:28)
    at RedisClient.on_error (/root/labyrinth-node-io/node_modules/redis/index.js:342:14)
    at Socket.<anonymous> (/root/labyrinth-node-io/node_modules/redis/index.js:223:14)
    at Socket.emit (events.js:375:28)
    at emitErrorNT (internal/streams/destroy.js:106:8)
    at emitErrorCloseNT (internal/streams/destroy.js:74:3)
    at processTicksAndRejections (internal/process/task_queues.js:82:21) {
  errno: -104,
  code: 'ECONNRESET',
  syscall: 'write'
}
events.js:352
      throw er; // Unhandled 'error' event
      ^

Error: read ECONNRESET
    at TCP.onStreamRead (internal/stream_base_commons.js:209:20)
Emitted 'error' event on RedisAdapter instance at:
    at RedisClient.onError (/root/labyrinth-node-io/node_modules/socket.io-redis/dist/index.js:65:22)
    at RedisClient.emit (events.js:375:28)
    at RedisClient.on_error (/root/labyrinth-node-io/node_modules/redis/index.js:342:14)
    at Socket.<anonymous> (/root/labyrinth-node-io/node_modules/redis/index.js:223:14)
    at Socket.emit (events.js:375:28)
    at emitErrorNT (internal/streams/destroy.js:106:8)
    at emitErrorCloseNT (internal/streams/destroy.js:74:3)
    at processTicksAndRejections (internal/process/task_queues.js:82:21) {
  errno: -104,
  code: 'ECONNRESET',
  syscall: 'read'
}
events.js:352
      throw er; // Unhandled 'error' event
      ^

Error: read ECONNRESET
    at TCP.onStreamRead (internal/stream_base_commons.js:209:20)
Emitted 'error' event on RedisAdapter instance at:
    at RedisClient.onError (/root/labyrinth-node-io/node_modules/socket.io-redis/dist/index.js:65:22)
    at RedisClient.emit (events.js:375:28)
    at RedisClient.on_error (/root/labyrinth-node-io/node_modules/redis/index.js:342:14)
    at Socket.<anonymous> (/root/labyrinth-node-io/node_modules/redis/index.js:223:14)
    at Socket.emit (events.js:375:28)
    at emitErrorNT (internal/streams/destroy.js:106:8)
    at emitErrorCloseNT (internal/streams/destroy.js:74:3)
    at processTicksAndRejections (internal/process/task_queues.js:82:21) {
  errno: -104,
  code: 'ECONNRESET',
  syscall: 'read'
}
events.js:352
      throw er; // Unhandled 'error' event
      ^

Error: read ECONNRESET
    at TCP.onStreamRead (internal/stream_base_commons.js:209:20)
Emitted 'error' event on RedisAdapter instance at:
    at RedisClient.onError (/root/labyrinth-node-io/node_modules/socket.io-redis/dist/index.js:65:22)
    at RedisClient.emit (events.js:375:28)
    at RedisClient.on_error (/root/labyrinth-node-io/node_modules/redis/index.js:342:14)
    at Socket.<anonymous> (/root/labyrinth-node-io/node_modules/redis/index.js:223:14)
    at Socket.emit (events.js:375:28)
    at emitErrorNT (internal/streams/destroy.js:106:8)
    at emitErrorCloseNT (internal/streams/destroy.js:74:3)
    at processTicksAndRejections (internal/process/task_queues.js:82:21) {
  errno: -104,
  code: 'ECONNRESET',
  syscall: 'read'
}
events.js:352
      throw er; // Unhandled 'error' event
      ^

Error: read ECONNRESET
    at TCP.onStreamRead (internal/stream_base_commons.js:209:20)
Emitted 'error' event on RedisAdapter instance at:
    at RedisClient.onError (/root/labyrinth-node-io/node_modules/socket.io-redis/dist/index.js:65:22)
    at RedisClient.emit (events.js:375:28)
    at RedisClient.on_error (/root/labyrinth-node-io/node_modules/redis/index.js:342:14)
    at Socket.<anonymous> (/root/labyrinth-node-io/node_modules/redis/index.js:223:14)
    at Socket.emit (events.js:375:28)
    at emitErrorNT (internal/streams/destroy.js:106:8)
    at emitErrorCloseNT (internal/streams/destroy.js:74:3)
    at processTicksAndRejections (internal/process/task_queues.js:82:21) {
  errno: -104,
  code: 'ECONNRESET',
  syscall: 'read'
}
events.js:352
      throw er; // Unhandled 'error' event
      ^

Error: read ECONNRESET
    at TCP.onStreamRead (internal/stream_base_commons.js:209:20)
Emitted 'error' event on RedisAdapter instance at:
    at RedisClient.onError (/root/labyrinth-node-io/node_modules/socket.io-redis/dist/index.js:65:22)
    at RedisClient.emit (events.js:375:28)
    at RedisClient.on_error (/root/labyrinth-node-io/node_modules/redis/index.js:342:14)
    at Socket.<anonymous> (/root/labyrinth-node-io/node_modules/redis/index.js:223:14)
    at Socket.emit (events.js:375:28)
    at emitErrorNT (internal/streams/destroy.js:106:8)
    at emitErrorCloseNT (internal/streams/destroy.js:74:3)
    at processTicksAndRejections (internal/process/task_queues.js:82:21) {
  errno: -104,
  code: 'ECONNRESET',
  syscall: 'read'
}
